[debug] [2026-02-17T12:23:29.158Z] ----------------------------------------------------------------------
[debug] [2026-02-17T12:23:29.164Z] Command:       /opt/homebrew/Cellar/node@20/20.19.3/bin/node /Users/Nahel/.nvm/versions/node/v18.16.0/bin/firebase deploy
[debug] [2026-02-17T12:23:29.164Z] CLI Version:   14.9.0
[debug] [2026-02-17T12:23:29.164Z] Platform:      darwin
[debug] [2026-02-17T12:23:29.164Z] Node Version:  v20.19.3
[debug] [2026-02-17T12:23:29.164Z] Time:          Tue Feb 17 2026 16:23:29 GMT+0400 (Gulf Standard Time)
[debug] [2026-02-17T12:23:29.164Z] ----------------------------------------------------------------------
[debug] 
[debug] [2026-02-17T12:23:29.275Z] > command requires scopes: ["email","openid","https://www.googleapis.com/auth/cloudplatformprojects.readonly","https://www.googleapis.com/auth/firebase","https://www.googleapis.com/auth/cloud-platform"]
[debug] [2026-02-17T12:23:29.275Z] > authorizing via signed-in user (nahel.lachgar@gmail.com)
[debug] [2026-02-17T12:23:29.275Z] [iam] checking project aucoeurduplessis2026 for permissions ["firebase.projects.get","firebasehosting.sites.update"]
[debug] [2026-02-17T12:23:29.276Z] Checked if tokens are valid: true, expires at: 1771332155497
[debug] [2026-02-17T12:23:29.276Z] Checked if tokens are valid: true, expires at: 1771332155497
[debug] [2026-02-17T12:23:29.277Z] >>> [apiv2][query] POST https://cloudresourcemanager.googleapis.com/v1/projects/aucoeurduplessis2026:testIamPermissions [none]
[debug] [2026-02-17T12:23:29.277Z] >>> [apiv2][(partial)header] POST https://cloudresourcemanager.googleapis.com/v1/projects/aucoeurduplessis2026:testIamPermissions x-goog-quota-user=projects/aucoeurduplessis2026
[debug] [2026-02-17T12:23:29.277Z] >>> [apiv2][body] POST https://cloudresourcemanager.googleapis.com/v1/projects/aucoeurduplessis2026:testIamPermissions {"permissions":["firebase.projects.get","firebasehosting.sites.update"]}
[debug] [2026-02-17T12:23:30.855Z] <<< [apiv2][status] POST https://cloudresourcemanager.googleapis.com/v1/projects/aucoeurduplessis2026:testIamPermissions 200
[debug] [2026-02-17T12:23:30.856Z] <<< [apiv2][body] POST https://cloudresourcemanager.googleapis.com/v1/projects/aucoeurduplessis2026:testIamPermissions {"permissions":["firebase.projects.get","firebasehosting.sites.update"]}
[debug] [2026-02-17T12:23:30.856Z] Checked if tokens are valid: true, expires at: 1771332155497
[debug] [2026-02-17T12:23:30.856Z] Checked if tokens are valid: true, expires at: 1771332155497
[debug] [2026-02-17T12:23:30.856Z] >>> [apiv2][query] GET https://firebase.googleapis.com/v1beta1/projects/aucoeurduplessis2026 [none]
[debug] [2026-02-17T12:23:31.342Z] <<< [apiv2][status] GET https://firebase.googleapis.com/v1beta1/projects/aucoeurduplessis2026 200
[debug] [2026-02-17T12:23:31.343Z] <<< [apiv2][body] GET https://firebase.googleapis.com/v1beta1/projects/aucoeurduplessis2026 {"projectId":"aucoeurduplessis2026","projectNumber":"106805193379","displayName":"Au Coeur du Plessis 2026","name":"projects/aucoeurduplessis2026","resources":{"hostingSite":"aucoeurduplessis2026"},"state":"ACTIVE","etag":"1_ef77631b-ede7-4feb-ab5b-46dd3b56ada4"}
[info] 
[info] === Deploying to 'aucoeurduplessis2026'...
[info] 
[info] i  deploying hosting 
[debug] [2026-02-17T12:23:31.347Z] Checked if tokens are valid: true, expires at: 1771332155497
[debug] [2026-02-17T12:23:31.347Z] Checked if tokens are valid: true, expires at: 1771332155497
[debug] [2026-02-17T12:23:31.347Z] >>> [apiv2][query] POST https://firebasehosting.googleapis.com/v1beta1/projects/-/sites/aucoeurduplessis2026/versions [none]
[debug] [2026-02-17T12:23:31.348Z] >>> [apiv2][body] POST https://firebasehosting.googleapis.com/v1beta1/projects/-/sites/aucoeurduplessis2026/versions {"status":"CREATED","labels":{"deployment-tool":"cli-firebase"}}
